Assembler report for project4
Fri Apr 21 05:05:28 2017
Quartus II 64-Bit Version 14.1.1 Build 190 01/19/2015 SJ Web Edition


---------------------
; Table of Contents ;
---------------------
  1. Legal Notice
  2. Assembler Summary
  3. Assembler Settings
  4. Assembler Generated Files
  5. Assembler Device Options: C:/Users/Zachary/Documents/School/ECE 3544/Project 4 Spring 2017/project4_restored/output_files/project4.sof
  6. Assembler Messages



----------------
; Legal Notice ;
----------------
Copyright (C) 1991-2015 Altera Corporation. All rights reserved.
Your use of Altera Corporation's design tools, logic functions 
and other software and tools, and its AMPP partner logic 
functions, and any output files from any of the foregoing 
(including device programming or simulation files), and any 
associated documentation or information are expressly subject 
to the terms and conditions of the Altera Program License 
Subscription Agreement, the Altera Quartus II License Agreement,
the Altera MegaCore Function License Agreement, or other 
applicable license agreement, including, without limitation, 
that your use is for the sole purpose of programming logic 
devices manufactured by Altera and sold by Altera or its 
authorized distributors.  Please refer to the applicable 
agreement for further details.



+---------------------------------------------------------------+
; Assembler Summary                                             ;
+-----------------------+---------------------------------------+
; Assembler Status      ; Successful - Fri Apr 21 05:05:28 2017 ;
; Revision Name         ; project4                              ;
; Top-level Entity Name ; project4                              ;
; Family                ; Cyclone V                             ;
; Device                ; 5CSEMA5F31C6                          ;
+-----------------------+---------------------------------------+


+----------------------------------+
; Assembler Settings               ;
+--------+---------+---------------+
; Option ; Setting ; Default Value ;
+--------+---------+---------------+


+--------------------------------------------------------------------------------------------------------------+
; Assembler Generated Files                                                                                    ;
+--------------------------------------------------------------------------------------------------------------+
; File Name                                                                                                    ;
+--------------------------------------------------------------------------------------------------------------+
; C:/Users/Zachary/Documents/School/ECE 3544/Project 4 Spring 2017/project4_restored/output_files/project4.sof ;
+--------------------------------------------------------------------------------------------------------------+


+----------------------------------------------------------------------------------------------------------------------------------------+
; Assembler Device Options: C:/Users/Zachary/Documents/School/ECE 3544/Project 4 Spring 2017/project4_restored/output_files/project4.sof ;
+----------------+-----------------------------------------------------------------------------------------------------------------------+
; Option         ; Setting                                                                                                               ;
+----------------+-----------------------------------------------------------------------------------------------------------------------+
; Device         ; 5CSEMA5F31C6                                                                                                          ;
; JTAG usercode  ; 0x00B11ABF                                                                                                            ;
; Checksum       ; 0x00B11ABF                                                                                                            ;
+----------------+-----------------------------------------------------------------------------------------------------------------------+


+--------------------+
; Assembler Messages ;
+--------------------+
Info: *******************************************************************
Info: Running Quartus II 64-Bit Assembler
    Info: Version 14.1.1 Build 190 01/19/2015 SJ Web Edition
    Info: Processing started: Fri Apr 21 05:05:17 2017
Info: Command: quartus_asm --read_settings_files=off --write_settings_files=off project4 -c project4
Info (115030): Assembler is generating device programming files
Info: Quartus II 64-Bit Assembler was successful. 0 errors, 0 warnings
    Info: Peak virtual memory: 687 megabytes
    Info: Processing ended: Fri Apr 21 05:05:28 2017
    Info: Elapsed time: 00:00:11
    Info: Total CPU time (on all processors): 00:00:11


